Output directory: fgr_results
Loading ProteinGym data from: /scratch/project/open-35-8/pimenol1/ProteinTTT/MaveDB/data/ProteinGym/reference_files/DMS_substitutions.csv
Loaded 217 ProteinGym entries
Found 201 unique proteins
Selected 10 proteins for analysis:
  A0A192B1T2_9HIV1_Haddox_2018: A0A192B1T2_9HIV1 (length: 852)
  A0A1I9GEU1_NEIME_Kennouche_2019: A0A1I9GEU1_NEIME (length: 161)
  A0A247D711_LISMN_Stadelmann_2021: A0A247D711_LISMN (length: 87)
  A0A2Z5U3Z0_9INFA_Doud_2016: A0A2Z5U3Z0_9INFA (length: 565)
  A0A2Z5U3Z0_9INFA_Wu_2014: A0A2Z5U3Z0_9INFA (length: 565)
  A4D664_9INFA_Soh_2019: A4D664_9INFA (length: 759)
  A4GRB6_PSEAI_Chen_2020: A4GRB6_PSEAI (length: 266)
  A4_HUMAN_Seuma_2022: A4_HUMAN (length: 770)
  AACC1_PSEAI_Dandage_2018: AACC1_PSEAI (length: 177)
  ACE2_HUMAN_Chan_2020: ACE2_HUMAN (length: 805)

Loading ESMFold model...
Using device: cuda

================================================================================
Processing: A0A192B1T2_9HIV1_Haddox_2018
UniProt ID: A0A192B1T2_9HIV1
Sequence length: 852
================================================================================
Running TTT with FGR metrics...
2026-02-02 16:00:17,324 | INFO | step: 0, accumulated_step: 0, loss: None, perplexity: 0.43389, ttt_step_time: 0.00000, score_seq_time: 69.73526, eval_step_time: 70.63878, lr: 0.00200, fgr_ratio: None, fgr_loss_delta: None, fgr_drift_delta: None, fgr_ratio_cumulative: None, fgr_drift: 0.00000, _fgr_cumulative_loss_gain: None, fgr_ema_ratio: None, plddt: 29.89705, tm_score: None, lddt: None
ERROR processing A0A192B1T2_9HIV1_Haddox_2018: CUDA out of memory. Tried to allocate 446.00 MiB (GPU 0; 39.49 GiB total capacity; 37.67 GiB already allocated; 90.50 MiB free; 38.52 GiB reserved in total by PyTorch) If reserved memory is >> allocated memory try setting max_split_size_mb to avoid fragmentation.  See documentation for Memory Management and PYTORCH_CUDA_ALLOC_CONF

================================================================================
Processing: A0A1I9GEU1_NEIME_Kennouche_2019
UniProt ID: A0A1I9GEU1_NEIME
Sequence length: 161
================================================================================
Running TTT with FGR metrics...
2026-02-02 16:00:30,929 | INFO | step: 0, accumulated_step: 0, loss: None, perplexity: 0.74928, ttt_step_time: 0.00000, score_seq_time: 6.39339, eval_step_time: 1.76848, lr: 0.00200, fgr_ratio: None, fgr_loss_delta: None, fgr_drift_delta: None, fgr_ratio_cumulative: None, fgr_drift: 0.00000, _fgr_cumulative_loss_gain: None, fgr_ema_ratio: None, plddt: 83.75680, tm_score: None, lddt: None
2026-02-02 16:00:39,952 | INFO | step: 1, accumulated_step: 4, loss: 1.74414, perplexity: 0.76544, ttt_step_time: 0.73158, score_seq_time: 6.43479, eval_step_time: 1.77220, lr: 0.00200, fgr_ratio: None, fgr_loss_delta: 0.01616, fgr_drift_delta: 0.00000, fgr_ratio_cumulative: None, fgr_drift: 0.00000, _fgr_cumulative_loss_gain: 0.00000, fgr_ema_ratio: None, plddt: 84.15492, tm_score: None, lddt: None
2026-02-02 16:00:48,732 | INFO | step: 2, accumulated_step: 8, loss: 1.84668, perplexity: 0.78403, ttt_step_time: 0.54154, score_seq_time: 6.40116, eval_step_time: 1.76882, lr: 0.00200, fgr_ratio: 19.03490, fgr_loss_delta: 0.01859, fgr_drift_delta: 0.00098, fgr_ratio_cumulative: 19.03490, fgr_drift: 0.00098, _fgr_cumulative_loss_gain: 0.01859, fgr_ema_ratio: -9.51745, plddt: 84.50175, tm_score: None, lddt: None
2026-02-02 16:00:57,535 | INFO | step: 3, accumulated_step: 12, loss: 1.60840, perplexity: 0.79898, ttt_step_time: 0.54449, score_seq_time: 6.42015, eval_step_time: 1.76965, lr: 0.00200, fgr_ratio: None, fgr_loss_delta: 0.01495, fgr_drift_delta: 0.00000, fgr_ratio_cumulative: 34.34714, fgr_drift: 0.00098, _fgr_cumulative_loss_gain: 0.03354, fgr_ema_ratio: -21.93230, plddt: 84.56564, tm_score: None, lddt: None
2026-02-02 16:01:06,353 | INFO | step: 4, accumulated_step: 16, loss: 1.25391, perplexity: 0.81478, ttt_step_time: 0.54205, score_seq_time: 6.43870, eval_step_time: 1.76873, lr: 0.00200, fgr_ratio: 16.17889, fgr_loss_delta: 0.01580, fgr_drift_delta: 0.00098, fgr_ratio_cumulative: None, fgr_drift: 0.00000, _fgr_cumulative_loss_gain: 0.04934, fgr_ema_ratio: None, plddt: 84.60443, tm_score: None, lddt: None
2026-02-02 16:01:15,169 | INFO | step: 5, accumulated_step: 20, loss: 1.34570, perplexity: 0.82944, ttt_step_time: 0.54524, score_seq_time: 6.43337, eval_step_time: 1.76820, lr: 0.00200, fgr_ratio: None, fgr_loss_delta: 0.01466, fgr_drift_delta: 0.00000, fgr_ratio_cumulative: None, fgr_drift: 0.00000, _fgr_cumulative_loss_gain: 0.06400, fgr_ema_ratio: None, plddt: 84.64393, tm_score: None, lddt: None
2026-02-02 16:01:24,047 | INFO | step: 6, accumulated_step: 24, loss: 1.55078, perplexity: 0.84237, ttt_step_time: 0.54359, score_seq_time: 6.49951, eval_step_time: 1.76626, lr: 0.00200, fgr_ratio: 26.47746, fgr_loss_delta: 0.01293, fgr_drift_delta: 0.00049, fgr_ratio_cumulative: 157.54896, fgr_drift: 0.00049, _fgr_cumulative_loss_gain: 0.07693, fgr_ema_ratio: -129.65693, plddt: 84.66707, tm_score: None, lddt: None
2026-02-02 16:01:32,769 | INFO | step: 7, accumulated_step: 28, loss: 1.46094, perplexity: 0.85383, ttt_step_time: 0.54537, score_seq_time: 6.40920, eval_step_time: 1.76490, lr: 0.00200, fgr_ratio: 23.46122, fgr_loss_delta: 0.01146, fgr_drift_delta: 0.00049, fgr_ratio_cumulative: 90.50509, fgr_drift: 0.00098, _fgr_cumulative_loss_gain: 0.08838, fgr_ema_ratio: -77.66678, plddt: 84.04306, tm_score: None, lddt: None
2026-02-02 16:01:41,489 | INFO | step: 8, accumulated_step: 32, loss: 1.28906, perplexity: 0.86550, ttt_step_time: 0.54505, score_seq_time: 6.40468, eval_step_time: 1.76686, lr: 0.00200, fgr_ratio: 11.95095, fgr_loss_delta: 0.01167, fgr_drift_delta: 0.00098, fgr_ratio_cumulative: 51.22802, fgr_drift: 0.00195, _fgr_cumulative_loss_gain: 0.10005, fgr_ema_ratio: -45.03070, plddt: 83.84532, tm_score: None, lddt: None
2026-02-02 16:01:50,226 | INFO | step: 9, accumulated_step: 36, loss: 1.31055, perplexity: 0.87574, ttt_step_time: 0.54559, score_seq_time: 6.41997, eval_step_time: 1.76905, lr: 0.00200, fgr_ratio: None, fgr_loss_delta: 0.01025, fgr_drift_delta: 0.00000, fgr_ratio_cumulative: 56.47471, fgr_drift: 0.00195, _fgr_cumulative_loss_gain: 0.11030, fgr_ema_ratio: -50.75271, plddt: 83.80593, tm_score: None, lddt: None
2026-02-02 16:01:58,978 | INFO | step: 10, accumulated_step: 40, loss: 1.27734, perplexity: 0.88533, ttt_step_time: 0.54502, score_seq_time: 6.43416, eval_step_time: 1.76955, lr: 0.00200, fgr_ratio: 4.90839, fgr_loss_delta: 0.00959, fgr_drift_delta: 0.00195, fgr_ratio_cumulative: 30.69155, fgr_drift: 0.00391, _fgr_cumulative_loss_gain: 0.11989, fgr_ema_ratio: -28.03395, plddt: 83.30594, tm_score: None, lddt: None
2026-02-02 16:02:07,760 | INFO | step: 11, accumulated_step: 44, loss: 1.24805, perplexity: 0.89410, ttt_step_time: 0.54766, score_seq_time: 6.46254, eval_step_time: 1.76936, lr: 0.00200, fgr_ratio: None, fgr_loss_delta: 0.00877, fgr_drift_delta: 0.00000, fgr_ratio_cumulative: 32.93632, fgr_drift: 0.00391, _fgr_cumulative_loss_gain: 0.12866, fgr_ema_ratio: -30.48514, plddt: 83.49762, tm_score: None, lddt: None
2026-02-02 16:02:16,490 | INFO | step: 12, accumulated_step: 48, loss: 1.04395, perplexity: 0.90226, ttt_step_time: 0.54577, score_seq_time: 6.41080, eval_step_time: 1.77022, lr: 0.00200, fgr_ratio: 8.35911, fgr_loss_delta: 0.00816, fgr_drift_delta: 0.00098, fgr_ratio_cumulative: 28.02088, fgr_drift: 0.00488, _fgr_cumulative_loss_gain: 0.13682, fgr_ema_ratio: -26.20449, plddt: 83.59590, tm_score: None, lddt: None
2026-02-02 16:02:25,218 | INFO | step: 13, accumulated_step: 52, loss: 0.88379, perplexity: 0.91027, ttt_step_time: 0.54602, score_seq_time: 6.40994, eval_step_time: 1.76902, lr: 0.00200, fgr_ratio: 3.27798, fgr_loss_delta: 0.00800, fgr_drift_delta: 0.00244, fgr_ratio_cumulative: 19.77325, fgr_drift: 0.00732, _fgr_cumulative_loss_gain: 0.14482, fgr_ema_ratio: -18.62145, plddt: 84.09577, tm_score: None, lddt: None
2026-02-02 16:02:33,942 | INFO | step: 14, accumulated_step: 56, loss: 1.09375, perplexity: 0.91691, ttt_step_time: 0.54574, score_seq_time: 6.40849, eval_step_time: 1.76704, lr: 0.00200, fgr_ratio: 3.40416, fgr_loss_delta: 0.00665, fgr_drift_delta: 0.00195, fgr_ratio_cumulative: 16.32712, fgr_drift: 0.00928, _fgr_cumulative_loss_gain: 0.15147, fgr_ema_ratio: -15.51414, plddt: 83.56615, tm_score: None, lddt: None
2026-02-02 16:02:42,672 | INFO | step: 15, accumulated_step: 60, loss: 0.80029, perplexity: 0.92460, ttt_step_time: 0.54594, score_seq_time: 6.41269, eval_step_time: 1.76895, lr: 0.00200, fgr_ratio: 5.24622, fgr_loss_delta: 0.00768, fgr_drift_delta: 0.00146, fgr_ratio_cumulative: 14.81609, fgr_drift: 0.01074, _fgr_cumulative_loss_gain: 0.15916, fgr_ema_ratio: -14.10733, plddt: 83.13099, tm_score: None, lddt: None
2026-02-02 16:02:51,515 | INFO | step: 16, accumulated_step: 64, loss: 1.04395, perplexity: 0.93128, ttt_step_time: 0.66419, score_seq_time: 6.40917, eval_step_time: 1.76644, lr: 0.00200, fgr_ratio: 3.42117, fgr_loss_delta: 0.00668, fgr_drift_delta: 0.00195, fgr_ratio_cumulative: 13.06303, fgr_drift: 0.01270, _fgr_cumulative_loss_gain: 0.16584, fgr_ema_ratio: -12.50000, plddt: 77.07619, tm_score: None, lddt: None
2026-02-02 16:03:00,235 | INFO | step: 17, accumulated_step: 68, loss: 0.79395, perplexity: 0.93813, ttt_step_time: 0.54571, score_seq_time: 6.40471, eval_step_time: 1.76642, lr: 0.00200, fgr_ratio: 2.00313, fgr_loss_delta: 0.00685, fgr_drift_delta: 0.00342, fgr_ratio_cumulative: 10.71699, fgr_drift: 0.01611, _fgr_cumulative_loss_gain: 0.17269, fgr_ema_ratio: -10.28274, plddt: 77.57355, tm_score: None, lddt: None
2026-02-02 16:03:09,073 | INFO | step: 18, accumulated_step: 72, loss: 0.62891, perplexity: 0.94367, ttt_step_time: 0.54982, score_seq_time: 6.51375, eval_step_time: 1.77086, lr: 0.00200, fgr_ratio: 2.83742, fgr_loss_delta: 0.00554, fgr_drift_delta: 0.00195, fgr_ratio_cumulative: 9.86514, fgr_drift: 0.01807, _fgr_cumulative_loss_gain: 0.17823, fgr_ema_ratio: -9.51811, plddt: 77.72093, tm_score: None, lddt: None
2026-02-02 16:03:17,908 | INFO | step: 19, accumulated_step: 76, loss: 0.74414, perplexity: 0.94808, ttt_step_time: 0.54931, score_seq_time: 6.51416, eval_step_time: 1.76906, lr: 0.00200, fgr_ratio: 1.80464, fgr_loss_delta: 0.00441, fgr_drift_delta: 0.00244, fgr_ratio_cumulative: 8.90556, fgr_drift: 0.02051, _fgr_cumulative_loss_gain: 0.18263, fgr_ema_ratio: -8.64528, plddt: 76.78002, tm_score: None, lddt: None
2026-02-02 16:03:26,742 | INFO | step: 20, accumulated_step: 80, loss: 0.87451, perplexity: 0.95212, ttt_step_time: 0.55028, score_seq_time: 6.51139, eval_step_time: 1.76980, lr: 0.00200, fgr_ratio: 1.18336, fgr_loss_delta: 0.00404, fgr_drift_delta: 0.00342, fgr_ratio_cumulative: 7.80239, fgr_drift: 0.02393, _fgr_cumulative_loss_gain: 0.18668, fgr_ema_ratio: -7.60631, plddt: 76.83191, tm_score: None, lddt: None
2026-02-02 16:03:35,582 | INFO | step: 21, accumulated_step: 84, loss: 0.53418, perplexity: 0.95526, ttt_step_time: 0.55025, score_seq_time: 6.51823, eval_step_time: 1.76798, lr: 0.00200, fgr_ratio: 0.80377, fgr_loss_delta: 0.00314, fgr_drift_delta: 0.00391, fgr_ratio_cumulative: 6.82012, fgr_drift: 0.02783, _fgr_cumulative_loss_gain: 0.18982, fgr_ema_ratio: -6.67944, plddt: 77.07668, tm_score: None, lddt: None
2026-02-02 16:03:44,484 | INFO | step: 22, accumulated_step: 88, loss: 0.67529, perplexity: 0.95883, ttt_step_time: 0.54893, score_seq_time: 6.58168, eval_step_time: 1.76881, lr: 0.00200, fgr_ratio: 1.46105, fgr_loss_delta: 0.00357, fgr_drift_delta: 0.00244, fgr_ratio_cumulative: 6.38794, fgr_drift: 0.03027, _fgr_cumulative_loss_gain: 0.19338, fgr_ema_ratio: -6.26436, plddt: 77.11952, tm_score: None, lddt: None
2026-02-02 16:03:53,313 | INFO | step: 23, accumulated_step: 92, loss: 0.65479, perplexity: 0.96241, ttt_step_time: 0.55099, score_seq_time: 6.50582, eval_step_time: 1.76969, lr: 0.00200, fgr_ratio: 1.83490, fgr_loss_delta: 0.00358, fgr_drift_delta: 0.00195, fgr_ratio_cumulative: 6.11200, fgr_drift: 0.03223, _fgr_cumulative_loss_gain: 0.19697, fgr_ema_ratio: -5.99835, plddt: 76.72315, tm_score: None, lddt: None
2026-02-02 16:04:02,157 | INFO | step: 24, accumulated_step: 96, loss: 0.74219, perplexity: 0.96589, ttt_step_time: 0.55060, score_seq_time: 6.51328, eval_step_time: 1.77273, lr: 0.00200, fgr_ratio: 1.78008, fgr_loss_delta: 0.00348, fgr_drift_delta: 0.00195, fgr_ratio_cumulative: 5.86446, fgr_drift: 0.03418, _fgr_cumulative_loss_gain: 0.20045, fgr_ema_ratio: -5.76002, plddt: 77.52213, tm_score: None, lddt: None
2026-02-02 16:04:10,979 | INFO | step: 25, accumulated_step: 100, loss: 0.56299, perplexity: 0.96821, ttt_step_time: 0.54950, score_seq_time: 6.49796, eval_step_time: 1.77207, lr: 0.00200, fgr_ratio: 0.67991, fgr_loss_delta: 0.00232, fgr_drift_delta: 0.00342, fgr_ratio_cumulative: 5.39314, fgr_drift: 0.03760, _fgr_cumulative_loss_gain: 0.20277, fgr_ema_ratio: -5.31476, plddt: 77.55689, tm_score: None, lddt: None
2026-02-02 16:04:19,825 | INFO | step: 26, accumulated_step: 104, loss: 0.52295, perplexity: 0.97127, ttt_step_time: 0.55030, score_seq_time: 6.52110, eval_step_time: 1.77122, lr: 0.00200, fgr_ratio: 0.78276, fgr_loss_delta: 0.00306, fgr_drift_delta: 0.00391, fgr_ratio_cumulative: 4.95922, fgr_drift: 0.04150, _fgr_cumulative_loss_gain: 0.20583, fgr_ema_ratio: -4.88689, plddt: 77.13950, tm_score: None, lddt: None
2026-02-02 16:04:28,668 | INFO | step: 27, accumulated_step: 108, loss: 0.66943, perplexity: 0.97386, ttt_step_time: 0.55028, score_seq_time: 6.51647, eval_step_time: 1.77316, lr: 0.00200, fgr_ratio: 1.32517, fgr_loss_delta: 0.00259, fgr_drift_delta: 0.00195, fgr_ratio_cumulative: 4.79589, fgr_drift: 0.04346, _fgr_cumulative_loss_gain: 0.20842, fgr_ema_ratio: -4.73157, plddt: 77.69543, tm_score: None, lddt: None
2026-02-02 16:04:37,505 | INFO | step: 28, accumulated_step: 112, loss: 0.40186, perplexity: 0.97656, ttt_step_time: 0.55055, score_seq_time: 6.51198, eval_step_time: 1.77185, lr: 0.00200, fgr_ratio: 0.69315, fgr_loss_delta: 0.00271, fgr_drift_delta: 0.00391, fgr_ratio_cumulative: 4.45752, fgr_drift: 0.04736, _fgr_cumulative_loss_gain: 0.21112, fgr_ema_ratio: -4.39943, plddt: 77.34379, tm_score: None, lddt: None
2026-02-02 16:04:46,330 | INFO | step: 29, accumulated_step: 116, loss: 0.49146, perplexity: 0.97852, ttt_step_time: 0.55091, score_seq_time: 6.49982, eval_step_time: 1.77181, lr: 0.00200, fgr_ratio: 0.57124, fgr_loss_delta: 0.00195, fgr_drift_delta: 0.00342, fgr_ratio_cumulative: 4.19595, fgr_drift: 0.05078, _fgr_cumulative_loss_gain: 0.21308, fgr_ema_ratio: -4.14963, plddt: 78.09287, tm_score: None, lddt: None
2026-02-02 16:04:55,171 | INFO | step: 30, accumulated_step: 120, loss: 0.33130, perplexity: 0.98092, ttt_step_time: 0.55048, score_seq_time: 6.51711, eval_step_time: 1.77054, lr: 0.00200, fgr_ratio: 0.54577, fgr_loss_delta: 0.00240, fgr_drift_delta: 0.00439, fgr_ratio_cumulative: 3.90522, fgr_drift: 0.05518, _fgr_cumulative_loss_gain: 0.21547, fgr_ema_ratio: -3.86218, plddt: 79.48763, tm_score: None, lddt: None
Saved: fgr_results/A0A1I9GEU1_NEIME_Kennouche_2019_ttt.csv

================================================================================
Processing: A0A247D711_LISMN_Stadelmann_2021
UniProt ID: A0A247D711_LISMN
Sequence length: 87
================================================================================
Running TTT with FGR metrics...
2026-02-02 16:05:04,861 | INFO | step: 0, accumulated_step: 0, loss: None, perplexity: 0.42689, ttt_step_time: 0.00000, score_seq_time: 3.57880, eval_step_time: 0.95796, lr: 0.00200, fgr_ratio: None, fgr_loss_delta: None, fgr_drift_delta: None, fgr_ratio_cumulative: None, fgr_drift: 0.00000, _fgr_cumulative_loss_gain: None, fgr_ema_ratio: None, plddt: 51.33809, tm_score: None, lddt: None
2026-02-02 16:05:09,968 | INFO | step: 1, accumulated_step: 4, loss: 2.53125, perplexity: 0.45683, ttt_step_time: 0.54963, score_seq_time: 3.59048, eval_step_time: 0.96509, lr: 0.00200, fgr_ratio: None, fgr_loss_delta: 0.02994, fgr_drift_delta: 0.00000, fgr_ratio_cumulative: None, fgr_drift: 0.00000, _fgr_cumulative_loss_gain: 0.00000, fgr_ema_ratio: None, plddt: 50.52264, tm_score: None, lddt: None
2026-02-02 16:05:15,079 | INFO | step: 2, accumulated_step: 8, loss: 2.11133, perplexity: 0.48473, ttt_step_time: 0.55015, score_seq_time: 3.59097, eval_step_time: 0.96918, lr: 0.00200, fgr_ratio: 57.14361, fgr_loss_delta: 0.02790, fgr_drift_delta: 0.00049, fgr_ratio_cumulative: 57.14361, fgr_drift: 0.00049, _fgr_cumulative_loss_gain: 0.02790, fgr_ema_ratio: -28.57180, plddt: 49.38676, tm_score: None, lddt: None
2026-02-02 16:05:20,186 | INFO | step: 3, accumulated_step: 12, loss: 2.11719, perplexity: 0.50228, ttt_step_time: 0.55196, score_seq_time: 3.58774, eval_step_time: 0.96495, lr: 0.00200, fgr_ratio: None, fgr_loss_delta: 0.01755, fgr_drift_delta: 0.00000, fgr_ratio_cumulative: 93.08183, fgr_drift: 0.00049, _fgr_cumulative_loss_gain: 0.04545, fgr_ema_ratio: -60.82681, plddt: 48.42615, tm_score: None, lddt: None
2026-02-02 16:05:25,285 | INFO | step: 4, accumulated_step: 16, loss: 2.37305, perplexity: 0.53068, ttt_step_time: 0.55014, score_seq_time: 3.58490, eval_step_time: 0.96249, lr: 0.00200, fgr_ratio: 58.16221, fgr_loss_delta: 0.02840, fgr_drift_delta: 0.00049, fgr_ratio_cumulative: 75.62202, fgr_drift: 0.00098, _fgr_cumulative_loss_gain: 0.07385, fgr_ema_ratio: -53.01771, plddt: 49.98433, tm_score: None, lddt: None
2026-02-02 16:05:30,387 | INFO | step: 5, accumulated_step: 20, loss: 2.22266, perplexity: 0.55184, ttt_step_time: 0.55001, score_seq_time: 3.58736, eval_step_time: 0.96283, lr: 0.00200, fgr_ratio: None, fgr_loss_delta: 0.02116, fgr_drift_delta: 0.00000, fgr_ratio_cumulative: 97.29076, fgr_drift: 0.00098, _fgr_cumulative_loss_gain: 0.09501, fgr_ema_ratio: -75.15424, plddt: 49.98315, tm_score: None, lddt: None
2026-02-02 16:05:35,485 | INFO | step: 6, accumulated_step: 24, loss: 2.17969, perplexity: 0.57555, ttt_step_time: 0.55104, score_seq_time: 3.58264, eval_step_time: 0.96234, lr: 0.00200, fgr_ratio: 48.54862, fgr_loss_delta: 0.02371, fgr_drift_delta: 0.00049, fgr_ratio_cumulative: 81.04338, fgr_drift: 0.00146, _fgr_cumulative_loss_gain: 0.11872, fgr_ema_ratio: -65.57310, plddt: 47.18206, tm_score: None, lddt: None
2026-02-02 16:05:40,588 | INFO | step: 7, accumulated_step: 28, loss: 2.23828, perplexity: 0.60383, ttt_step_time: 0.55103, score_seq_time: 3.58768, eval_step_time: 0.96336, lr: 0.00200, fgr_ratio: 14.48019, fgr_loss_delta: 0.02828, fgr_drift_delta: 0.00195, fgr_ratio_cumulative: 43.00727, fgr_drift: 0.00342, _fgr_cumulative_loss_gain: 0.14700, fgr_ema_ratio: -35.55501, plddt: 50.67821, tm_score: None, lddt: None
2026-02-02 16:05:45,696 | INFO | step: 8, accumulated_step: 32, loss: 1.94336, perplexity: 0.64153, ttt_step_time: 0.55082, score_seq_time: 3.59089, eval_step_time: 0.96423, lr: 0.00200, fgr_ratio: 77.21525, fgr_loss_delta: 0.03770, fgr_drift_delta: 0.00049, fgr_ratio_cumulative: 47.28327, fgr_drift: 0.00391, _fgr_cumulative_loss_gain: 0.18470, fgr_ema_ratio: -39.19695, plddt: 48.76545, tm_score: None, lddt: None
2026-02-02 16:05:50,800 | INFO | step: 9, accumulated_step: 36, loss: 2.06055, perplexity: 0.66848, ttt_step_time: 0.55055, score_seq_time: 3.59044, eval_step_time: 0.96131, lr: 0.00200, fgr_ratio: 27.59545, fgr_loss_delta: 0.02695, fgr_drift_delta: 0.00098, fgr_ratio_cumulative: 43.34570, fgr_drift: 0.00488, _fgr_cumulative_loss_gain: 0.21165, fgr_ema_ratio: -37.35163, plddt: 46.10181, tm_score: None, lddt: None
2026-02-02 16:05:55,903 | INFO | step: 10, accumulated_step: 40, loss: 2.18555, perplexity: 0.68832, ttt_step_time: 0.55072, score_seq_time: 3.58770, eval_step_time: 0.96257, lr: 0.00200, fgr_ratio: 40.63286, fgr_loss_delta: 0.01984, fgr_drift_delta: 0.00049, fgr_ratio_cumulative: 43.09908, fgr_drift: 0.00537, _fgr_cumulative_loss_gain: 0.23149, fgr_ema_ratio: -38.52756, plddt: 48.29068, tm_score: None, lddt: None
2026-02-02 16:06:01,005 | INFO | step: 11, accumulated_step: 44, loss: 1.97363, perplexity: 0.71282, ttt_step_time: 0.55059, score_seq_time: 3.58605, eval_step_time: 0.96370, lr: 0.00200, fgr_ratio: 25.08378, fgr_loss_delta: 0.02450, fgr_drift_delta: 0.00098, fgr_ratio_cumulative: 40.32750, fgr_drift: 0.00635, _fgr_cumulative_loss_gain: 0.25599, fgr_ema_ratio: -36.46387, plddt: 47.72059, tm_score: None, lddt: None
2026-02-02 16:06:06,122 | INFO | step: 12, accumulated_step: 48, loss: 1.89941, perplexity: 0.73742, ttt_step_time: 0.56400, score_seq_time: 3.58720, eval_step_time: 0.96416, lr: 0.00200, fgr_ratio: 12.59532, fgr_loss_delta: 0.02460, fgr_drift_delta: 0.00195, fgr_ratio_cumulative: 33.80228, fgr_drift: 0.00830, _fgr_cumulative_loss_gain: 0.28059, fgr_ema_ratio: -30.84321, plddt: 46.93203, tm_score: None, lddt: None
2026-02-02 16:06:11,293 | INFO | step: 13, accumulated_step: 52, loss: 1.86523, perplexity: 0.76058, ttt_step_time: 0.55056, score_seq_time: 3.58810, eval_step_time: 0.96455, lr: 0.00200, fgr_ratio: 47.44937, fgr_loss_delta: 0.02317, fgr_drift_delta: 0.00049, fgr_ratio_cumulative: 34.56045, fgr_drift: 0.00879, _fgr_cumulative_loss_gain: 0.30375, fgr_ema_ratio: -31.84507, plddt: 54.23232, tm_score: None, lddt: None
2026-02-02 16:06:16,415 | INFO | step: 14, accumulated_step: 56, loss: 1.99902, perplexity: 0.78047, ttt_step_time: 0.54972, score_seq_time: 3.60594, eval_step_time: 0.96438, lr: 0.00200, fgr_ratio: 13.57461, fgr_loss_delta: 0.01988, fgr_drift_delta: 0.00146, fgr_ratio_cumulative: 31.56247, fgr_drift: 0.01025, _fgr_cumulative_loss_gain: 0.32364, fgr_ema_ratio: -29.42912, plddt: 44.45950, tm_score: None, lddt: None
2026-02-02 16:06:21,517 | INFO | step: 15, accumulated_step: 60, loss: 1.60547, perplexity: 0.79905, ttt_step_time: 0.55102, score_seq_time: 3.58490, eval_step_time: 0.96513, lr: 0.00200, fgr_ratio: 19.02300, fgr_loss_delta: 0.01858, fgr_drift_delta: 0.00098, fgr_ratio_cumulative: 30.47208, fgr_drift: 0.01123, _fgr_cumulative_loss_gain: 0.34222, fgr_ema_ratio: -28.67108, plddt: 49.43739, tm_score: None, lddt: None
2026-02-02 16:06:26,613 | INFO | step: 16, accumulated_step: 64, loss: 1.79688, perplexity: 0.81534, ttt_step_time: 0.54967, score_seq_time: 3.58143, eval_step_time: 0.96318, lr: 0.00200, fgr_ratio: 11.12176, fgr_loss_delta: 0.01629, fgr_drift_delta: 0.00146, fgr_ratio_cumulative: 28.23935, fgr_drift: 0.01270, _fgr_cumulative_loss_gain: 0.35851, fgr_ema_ratio: -26.80112, plddt: 52.09022, tm_score: None, lddt: None
2026-02-02 16:06:31,708 | INFO | step: 17, accumulated_step: 68, loss: 1.49902, perplexity: 0.83282, ttt_step_time: 0.54874, score_seq_time: 3.57903, eval_step_time: 0.96471, lr: 0.00200, fgr_ratio: 17.89692, fgr_loss_delta: 0.01748, fgr_drift_delta: 0.00098, fgr_ratio_cumulative: 27.50061, fgr_drift: 0.01367, _fgr_cumulative_loss_gain: 0.37598, fgr_ema_ratio: -26.19368, plddt: 46.33087, tm_score: None, lddt: None
2026-02-02 16:06:36,805 | INFO | step: 18, accumulated_step: 72, loss: 1.51562, perplexity: 0.85043, ttt_step_time: 0.55065, score_seq_time: 3.58165, eval_step_time: 0.96392, lr: 0.00200, fgr_ratio: 12.02222, fgr_loss_delta: 0.01761, fgr_drift_delta: 0.00146, fgr_ratio_cumulative: 26.00270, fgr_drift: 0.01514, _fgr_cumulative_loss_gain: 0.39360, fgr_ema_ratio: -24.83075, plddt: 53.71702, tm_score: None, lddt: None
2026-02-02 16:06:41,914 | INFO | step: 19, accumulated_step: 76, loss: 1.47852, perplexity: 0.86613, ttt_step_time: 0.55220, score_seq_time: 3.58912, eval_step_time: 0.96597, lr: 0.00200, fgr_ratio: 10.71766, fgr_loss_delta: 0.01570, fgr_drift_delta: 0.00146, fgr_ratio_cumulative: 24.65402, fgr_drift: 0.01660, _fgr_cumulative_loss_gain: 0.40930, fgr_ema_ratio: -23.64691, plddt: 49.24661, tm_score: None, lddt: None
2026-02-02 16:06:47,020 | INFO | step: 20, accumulated_step: 80, loss: 1.58789, perplexity: 0.87640, ttt_step_time: 0.55163, score_seq_time: 3.58667, eval_step_time: 0.96509, lr: 0.00200, fgr_ratio: 21.04014, fgr_loss_delta: 0.01027, fgr_drift_delta: 0.00049, fgr_ratio_cumulative: 24.55077, fgr_drift: 0.01709, _fgr_cumulative_loss_gain: 0.41957, fgr_ema_ratio: -23.76103, plddt: 53.37090, tm_score: None, lddt: None
2026-02-02 16:06:52,121 | INFO | step: 21, accumulated_step: 84, loss: 1.68750, perplexity: 0.88684, ttt_step_time: 0.55074, score_seq_time: 3.58332, eval_step_time: 0.96303, lr: 0.00200, fgr_ratio: 7.12517, fgr_loss_delta: 0.01044, fgr_drift_delta: 0.00146, fgr_ratio_cumulative: 23.17506, fgr_drift: 0.01855, _fgr_cumulative_loss_gain: 0.43001, fgr_ema_ratio: -22.53011, plddt: 50.21904, tm_score: None, lddt: None
2026-02-02 16:06:57,226 | INFO | step: 22, accumulated_step: 88, loss: 1.20508, perplexity: 0.89928, ttt_step_time: 0.55203, score_seq_time: 3.58432, eval_step_time: 0.96703, lr: 0.00200, fgr_ratio: 6.37120, fgr_loss_delta: 0.01244, fgr_drift_delta: 0.00195, fgr_ratio_cumulative: 21.57469, fgr_drift: 0.02051, _fgr_cumulative_loss_gain: 0.44245, fgr_ema_ratio: -20.97954, plddt: 49.51775, tm_score: None, lddt: None
2026-02-02 16:07:02,346 | INFO | step: 23, accumulated_step: 92, loss: 1.18164, perplexity: 0.90868, ttt_step_time: 0.55130, score_seq_time: 3.60174, eval_step_time: 0.96594, lr: 0.00200, fgr_ratio: 6.41472, fgr_loss_delta: 0.00940, fgr_drift_delta: 0.00146, fgr_ratio_cumulative: 20.56403, fgr_drift: 0.02197, _fgr_cumulative_loss_gain: 0.45185, fgr_ema_ratio: -20.07247, plddt: 48.79102, tm_score: None, lddt: None
2026-02-02 16:07:07,444 | INFO | step: 24, accumulated_step: 96, loss: 1.47266, perplexity: 0.91546, ttt_step_time: 0.55090, score_seq_time: 3.57914, eval_step_time: 0.96564, lr: 0.00200, fgr_ratio: 6.94135, fgr_loss_delta: 0.00678, fgr_drift_delta: 0.00098, fgr_ratio_cumulative: 19.98434, fgr_drift: 0.02295, _fgr_cumulative_loss_gain: 0.45863, fgr_ema_ratio: -19.60133, plddt: 51.17124, tm_score: None, lddt: None
2026-02-02 16:07:12,538 | INFO | step: 25, accumulated_step: 100, loss: 0.96484, perplexity: 0.92459, ttt_step_time: 0.55155, score_seq_time: 3.57587, eval_step_time: 0.96527, lr: 0.00200, fgr_ratio: 9.35322, fgr_loss_delta: 0.00913, fgr_drift_delta: 0.00098, fgr_ratio_cumulative: 19.55042, fgr_drift: 0.02393, _fgr_cumulative_loss_gain: 0.46776, fgr_ema_ratio: -19.17585, plddt: 50.40288, tm_score: None, lddt: None
2026-02-02 16:07:17,639 | INFO | step: 26, accumulated_step: 104, loss: 1.27832, perplexity: 0.93462, ttt_step_time: 0.55101, score_seq_time: 3.58400, eval_step_time: 0.96430, lr: 0.00200, fgr_ratio: 5.13417, fgr_loss_delta: 0.01003, fgr_drift_delta: 0.00195, fgr_ratio_cumulative: 18.46240, fgr_drift: 0.02588, _fgr_cumulative_loss_gain: 0.47779, fgr_ema_ratio: -18.09551, plddt: 50.24237, tm_score: None, lddt: None
2026-02-02 16:07:22,727 | INFO | step: 27, accumulated_step: 108, loss: 0.86914, perplexity: 0.94116, ttt_step_time: 0.55174, score_seq_time: 3.57083, eval_step_time: 0.96425, lr: 0.00200, fgr_ratio: 3.34895, fgr_loss_delta: 0.00654, fgr_drift_delta: 0.00195, fgr_ratio_cumulative: 17.40181, fgr_drift: 0.02783, _fgr_cumulative_loss_gain: 0.48433, fgr_ema_ratio: -17.11373, plddt: 50.35863, tm_score: None, lddt: None
2026-02-02 16:07:27,893 | INFO | step: 28, accumulated_step: 112, loss: 0.80664, perplexity: 0.94631, ttt_step_time: 0.55219, score_seq_time: 3.57963, eval_step_time: 0.96598, lr: 0.00200, fgr_ratio: 3.51927, fgr_loss_delta: 0.00516, fgr_drift_delta: 0.00146, fgr_ratio_cumulative: 16.70768, fgr_drift: 0.02930, _fgr_cumulative_loss_gain: 0.48948, fgr_ema_ratio: -16.48286, plddt: 55.77917, tm_score: None, lddt: None
2026-02-02 16:07:33,007 | INFO | step: 29, accumulated_step: 116, loss: 0.92969, perplexity: 0.95249, ttt_step_time: 0.54985, score_seq_time: 3.59666, eval_step_time: 0.96499, lr: 0.00200, fgr_ratio: 4.21551, fgr_loss_delta: 0.00618, fgr_drift_delta: 0.00146, fgr_ratio_cumulative: 16.11281, fgr_drift: 0.03076, _fgr_cumulative_loss_gain: 0.49566, fgr_ema_ratio: -15.90539, plddt: 54.33901, tm_score: None, lddt: None
2026-02-02 16:07:38,124 | INFO | step: 30, accumulated_step: 120, loss: 0.80811, perplexity: 0.95926, ttt_step_time: 0.55177, score_seq_time: 3.59909, eval_step_time: 0.96481, lr: 0.00200, fgr_ratio: 3.46534, fgr_loss_delta: 0.00677, fgr_drift_delta: 0.00195, fgr_ratio_cumulative: 15.35774, fgr_drift: 0.03271, _fgr_cumulative_loss_gain: 0.50243, fgr_ema_ratio: -15.15678, plddt: 49.99877, tm_score: None, lddt: None
Saved: fgr_results/A0A247D711_LISMN_Stadelmann_2021_ttt.csv

================================================================================
Processing: A0A2Z5U3Z0_9INFA_Doud_2016
UniProt ID: A0A2Z5U3Z0_9INFA
Sequence length: 565
================================================================================
Running TTT with FGR metrics...
2026-02-02 16:08:36,389 | INFO | step: 0, accumulated_step: 0, loss: None, perplexity: 0.95906, ttt_step_time: 0.00000, score_seq_time: 27.38966, eval_step_time: 25.53630, lr: 0.00200, fgr_ratio: None, fgr_loss_delta: None, fgr_drift_delta: None, fgr_ratio_cumulative: None, fgr_drift: 0.00000, _fgr_cumulative_loss_gain: None, fgr_ema_ratio: None, plddt: 45.98561, tm_score: None, lddt: None
ERROR processing A0A2Z5U3Z0_9INFA_Doud_2016: CUDA out of memory. Tried to allocate 198.00 MiB (GPU 0; 39.49 GiB total capacity; 36.85 GiB already allocated; 74.50 MiB free; 38.53 GiB reserved in total by PyTorch) If reserved memory is >> allocated memory try setting max_split_size_mb to avoid fragmentation.  See documentation for Memory Management and PYTORCH_CUDA_ALLOC_CONF

================================================================================
Processing: A0A2Z5U3Z0_9INFA_Wu_2014
UniProt ID: A0A2Z5U3Z0_9INFA
Sequence length: 565
================================================================================
Running TTT with FGR metrics...
2026-02-02 16:09:35,020 | INFO | step: 0, accumulated_step: 0, loss: None, perplexity: 0.95906, ttt_step_time: 0.00000, score_seq_time: 27.41259, eval_step_time: 25.48386, lr: 0.00200, fgr_ratio: None, fgr_loss_delta: None, fgr_drift_delta: None, fgr_ratio_cumulative: None, fgr_drift: 0.00000, _fgr_cumulative_loss_gain: None, fgr_ema_ratio: None, plddt: 45.98561, tm_score: None, lddt: None
ERROR processing A0A2Z5U3Z0_9INFA_Wu_2014: CUDA out of memory. Tried to allocate 198.00 MiB (GPU 0; 39.49 GiB total capacity; 36.65 GiB already allocated; 174.50 MiB free; 38.43 GiB reserved in total by PyTorch) If reserved memory is >> allocated memory try setting max_split_size_mb to avoid fragmentation.  See documentation for Memory Management and PYTORCH_CUDA_ALLOC_CONF

================================================================================
Processing: A4D664_9INFA_Soh_2019
UniProt ID: A4D664_9INFA
Sequence length: 759
================================================================================
Running TTT with FGR metrics...
2026-02-02 16:11:28,014 | INFO | step: 0, accumulated_step: 0, loss: None, perplexity: 0.89252, ttt_step_time: 0.00000, score_seq_time: 54.35960, eval_step_time: 51.81389, lr: 0.00200, fgr_ratio: None, fgr_loss_delta: None, fgr_drift_delta: None, fgr_ratio_cumulative: None, fgr_drift: 0.00000, _fgr_cumulative_loss_gain: None, fgr_ema_ratio: None, plddt: 29.30391, tm_score: None, lddt: None
ERROR processing A4D664_9INFA_Soh_2019: CUDA out of memory. Tried to allocate 178.00 MiB (GPU 0; 39.49 GiB total capacity; 37.96 GiB already allocated; 22.50 MiB free; 38.58 GiB reserved in total by PyTorch) If reserved memory is >> allocated memory try setting max_split_size_mb to avoid fragmentation.  See documentation for Memory Management and PYTORCH_CUDA_ALLOC_CONF

================================================================================
Processing: A4GRB6_PSEAI_Chen_2020
UniProt ID: A4GRB6_PSEAI
Sequence length: 266
================================================================================
Running TTT with FGR metrics...
2026-02-02 16:11:49,114 | INFO | step: 0, accumulated_step: 0, loss: None, perplexity: 0.93054, ttt_step_time: 0.00000, score_seq_time: 10.99633, eval_step_time: 4.70601, lr: 0.00200, fgr_ratio: None, fgr_loss_delta: None, fgr_drift_delta: None, fgr_ratio_cumulative: None, fgr_drift: 0.00000, _fgr_cumulative_loss_gain: None, fgr_ema_ratio: None, plddt: 79.04610, tm_score: None, lddt: None
2026-02-02 16:12:05,675 | INFO | step: 1, accumulated_step: 4, loss: 0.94873, perplexity: 0.93486, ttt_step_time: 0.85111, score_seq_time: 11.00059, eval_step_time: 4.70555, lr: 0.00200, fgr_ratio: 4.42179, fgr_loss_delta: 0.00432, fgr_drift_delta: 0.00098, fgr_ratio_cumulative: 0.00000, fgr_drift: 0.00098, _fgr_cumulative_loss_gain: 0.00000, fgr_ema_ratio: 0.00000, plddt: 78.99479, tm_score: None, lddt: None
2026-02-02 16:12:22,099 | INFO | step: 2, accumulated_step: 8, loss: 0.79102, perplexity: 0.93945, ttt_step_time: 0.71073, score_seq_time: 11.00410, eval_step_time: 4.70472, lr: 0.00200, fgr_ratio: None, fgr_loss_delta: 0.00459, fgr_drift_delta: 0.00000, fgr_ratio_cumulative: 4.70166, fgr_drift: 0.00098, _fgr_cumulative_loss_gain: 0.00459, fgr_ema_ratio: -2.35083, plddt: 78.87476, tm_score: None, lddt: None
2026-02-02 16:12:38,521 | INFO | step: 3, accumulated_step: 12, loss: 0.70312, perplexity: 0.94393, ttt_step_time: 0.71040, score_seq_time: 11.00235, eval_step_time: 4.70451, lr: 0.00200, fgr_ratio: 9.16905, fgr_loss_delta: 0.00448, fgr_drift_delta: 0.00049, fgr_ratio_cumulative: 6.19079, fgr_drift: 0.00146, _fgr_cumulative_loss_gain: 0.00907, fgr_ema_ratio: -3.87900, plddt: 78.69518, tm_score: None, lddt: None
2026-02-02 16:12:54,943 | INFO | step: 4, accumulated_step: 16, loss: 0.86035, perplexity: 0.94797, ttt_step_time: 0.71053, score_seq_time: 11.00256, eval_step_time: 4.70461, lr: 0.00200, fgr_ratio: 8.28508, fgr_loss_delta: 0.00405, fgr_drift_delta: 0.00049, fgr_ratio_cumulative: 6.71436, fgr_drift: 0.00195, _fgr_cumulative_loss_gain: 0.01311, fgr_ema_ratio: -4.81181, plddt: 78.68562, tm_score: None, lddt: None
2026-02-02 16:13:11,377 | INFO | step: 5, accumulated_step: 20, loss: 0.77686, perplexity: 0.95127, ttt_step_time: 0.70951, score_seq_time: 11.01502, eval_step_time: 4.70453, lr: 0.00200, fgr_ratio: 6.75721, fgr_loss_delta: 0.00330, fgr_drift_delta: 0.00049, fgr_ratio_cumulative: 6.72293, fgr_drift: 0.00244, _fgr_cumulative_loss_gain: 0.01641, fgr_ema_ratio: -5.28619, plddt: 78.63864, tm_score: None, lddt: None
2026-02-02 16:13:27,815 | INFO | step: 6, accumulated_step: 24, loss: 0.61182, perplexity: 0.95450, ttt_step_time: 0.71114, score_seq_time: 11.01764, eval_step_time: 4.70461, lr: 0.00200, fgr_ratio: 3.30556, fgr_loss_delta: 0.00323, fgr_drift_delta: 0.00098, fgr_ratio_cumulative: 5.74654, fgr_drift: 0.00342, _fgr_cumulative_loss_gain: 0.01964, fgr_ema_ratio: -4.76119, plddt: 78.61641, tm_score: None, lddt: None
2026-02-02 16:13:44,237 | INFO | step: 7, accumulated_step: 28, loss: 0.61084, perplexity: 0.95745, ttt_step_time: 0.71127, score_seq_time: 11.00169, eval_step_time: 4.70467, lr: 0.00200, fgr_ratio: 2.01338, fgr_loss_delta: 0.00295, fgr_drift_delta: 0.00146, fgr_ratio_cumulative: 4.62659, fgr_drift: 0.00488, _fgr_cumulative_loss_gain: 0.02259, fgr_ema_ratio: -3.97971, plddt: 78.53976, tm_score: None, lddt: None
2026-02-02 16:14:00,655 | INFO | step: 8, accumulated_step: 32, loss: 0.66406, perplexity: 0.96036, ttt_step_time: 0.71183, score_seq_time: 10.99704, eval_step_time: 4.70446, lr: 0.00200, fgr_ratio: 1.98411, fgr_loss_delta: 0.00291, fgr_drift_delta: 0.00146, fgr_ratio_cumulative: 4.01679, fgr_drift: 0.00635, _fgr_cumulative_loss_gain: 0.02550, fgr_ema_ratio: -3.53905, plddt: 78.53201, tm_score: None, lddt: None
2026-02-02 16:14:17,101 | INFO | step: 9, accumulated_step: 36, loss: 0.62500, perplexity: 0.96265, ttt_step_time: 0.72531, score_seq_time: 11.01211, eval_step_time: 4.70475, lr: 0.00200, fgr_ratio: 1.56913, fgr_loss_delta: 0.00230, fgr_drift_delta: 0.00146, fgr_ratio_cumulative: 3.55785, fgr_drift: 0.00781, _fgr_cumulative_loss_gain: 0.02780, fgr_ema_ratio: -3.21667, plddt: 78.39432, tm_score: None, lddt: None
2026-02-02 16:14:33,549 | INFO | step: 10, accumulated_step: 40, loss: 0.52197, perplexity: 0.96555, ttt_step_time: 0.71185, score_seq_time: 11.02721, eval_step_time: 4.70410, lr: 0.00200, fgr_ratio: 1.18434, fgr_loss_delta: 0.00289, fgr_drift_delta: 0.00244, fgr_ratio_cumulative: 2.99273, fgr_drift: 0.01025, _fgr_cumulative_loss_gain: 0.03069, fgr_ema_ratio: -2.72176, plddt: 78.30785, tm_score: None, lddt: None
2026-02-02 16:14:49,983 | INFO | step: 11, accumulated_step: 44, loss: 0.40210, perplexity: 0.96827, ttt_step_time: 0.71184, score_seq_time: 11.01310, eval_step_time: 4.70449, lr: 0.00200, fgr_ratio: 1.86334, fgr_loss_delta: 0.00273, fgr_drift_delta: 0.00146, fgr_ratio_cumulative: 2.85156, fgr_drift: 0.01172, _fgr_cumulative_loss_gain: 0.03342, fgr_ema_ratio: -2.61655, plddt: 78.18365, tm_score: None, lddt: None
2026-02-02 16:15:06,426 | INFO | step: 12, accumulated_step: 48, loss: 0.46826, perplexity: 0.97074, ttt_step_time: 0.71193, score_seq_time: 11.02199, eval_step_time: 4.70480, lr: 0.00200, fgr_ratio: 0.84151, fgr_loss_delta: 0.00247, fgr_drift_delta: 0.00293, fgr_ratio_cumulative: 2.44955, fgr_drift: 0.01465, _fgr_cumulative_loss_gain: 0.03588, fgr_ema_ratio: -2.27139, plddt: 78.18000, tm_score: None, lddt: None
2026-02-02 16:15:22,869 | INFO | step: 13, accumulated_step: 52, loss: 0.41284, perplexity: 0.97277, ttt_step_time: 0.71180, score_seq_time: 11.02250, eval_step_time: 4.70473, lr: 0.00200, fgr_ratio: 0.83352, fgr_loss_delta: 0.00203, fgr_drift_delta: 0.00244, fgr_ratio_cumulative: 2.21869, fgr_drift: 0.01709, _fgr_cumulative_loss_gain: 0.03792, fgr_ema_ratio: -2.08280, plddt: 78.07706, tm_score: None, lddt: None
2026-02-02 16:15:39,293 | INFO | step: 14, accumulated_step: 56, loss: 0.62109, perplexity: 0.97474, ttt_step_time: 0.71183, score_seq_time: 11.00399, eval_step_time: 4.70367, lr: 0.00200, fgr_ratio: 1.34338, fgr_loss_delta: 0.00197, fgr_drift_delta: 0.00146, fgr_ratio_cumulative: 2.14958, fgr_drift: 0.01855, _fgr_cumulative_loss_gain: 0.03988, fgr_ema_ratio: -2.03398, plddt: 77.97128, tm_score: None, lddt: None
2026-02-02 16:15:55,722 | INFO | step: 15, accumulated_step: 60, loss: 0.41797, perplexity: 0.97712, ttt_step_time: 0.71215, score_seq_time: 11.00773, eval_step_time: 4.70456, lr: 0.00200, fgr_ratio: 0.60752, fgr_loss_delta: 0.00237, fgr_drift_delta: 0.00391, fgr_ratio_cumulative: 1.88140, fgr_drift: 0.02246, _fgr_cumulative_loss_gain: 0.04226, fgr_ema_ratio: -1.78082, plddt: 77.89624, tm_score: None, lddt: None
2026-02-02 16:16:12,158 | INFO | step: 16, accumulated_step: 64, loss: 0.47632, perplexity: 0.97936, ttt_step_time: 0.71196, score_seq_time: 11.01529, eval_step_time: 4.70431, lr: 0.00200, fgr_ratio: 0.51117, fgr_loss_delta: 0.00225, fgr_drift_delta: 0.00439, fgr_ratio_cumulative: 1.65718, fgr_drift: 0.02686, _fgr_cumulative_loss_gain: 0.04450, fgr_ema_ratio: -1.57330, plddt: 77.56844, tm_score: None, lddt: None
2026-02-02 16:16:28,594 | INFO | step: 17, accumulated_step: 68, loss: 0.34814, perplexity: 0.98147, ttt_step_time: 0.71209, score_seq_time: 11.01433, eval_step_time: 4.70516, lr: 0.00200, fgr_ratio: 0.48067, fgr_loss_delta: 0.00211, fgr_drift_delta: 0.00439, fgr_ratio_cumulative: 1.49173, fgr_drift: 0.03125, _fgr_cumulative_loss_gain: 0.04662, fgr_ema_ratio: -1.42189, plddt: 77.56773, tm_score: None, lddt: None
2026-02-02 16:16:45,032 | INFO | step: 18, accumulated_step: 72, loss: 0.29395, perplexity: 0.98340, ttt_step_time: 0.71163, score_seq_time: 11.01693, eval_step_time: 4.70507, lr: 0.00200, fgr_ratio: 0.49167, fgr_loss_delta: 0.00192, fgr_drift_delta: 0.00391, fgr_ratio_cumulative: 1.38061, fgr_drift: 0.03516, _fgr_cumulative_loss_gain: 0.04854, fgr_ema_ratio: -1.32226, plddt: 77.46703, tm_score: None, lddt: None
2026-02-02 16:17:01,456 | INFO | step: 19, accumulated_step: 76, loss: 0.16736, perplexity: 0.98471, ttt_step_time: 0.71199, score_seq_time: 11.00199, eval_step_time: 4.70558, lr: 0.00200, fgr_ratio: 0.26944, fgr_loss_delta: 0.00132, fgr_drift_delta: 0.00488, fgr_ratio_cumulative: 1.24511, fgr_drift: 0.04004, _fgr_cumulative_loss_gain: 0.04985, fgr_ema_ratio: -1.20306, plddt: 77.17575, tm_score: None, lddt: None
2026-02-02 16:17:17,868 | INFO | step: 20, accumulated_step: 80, loss: 0.36597, perplexity: 0.98634, ttt_step_time: 0.71188, score_seq_time: 10.99024, eval_step_time: 4.70503, lr: 0.00200, fgr_ratio: 0.33272, fgr_loss_delta: 0.00162, fgr_drift_delta: 0.00488, fgr_ratio_cumulative: 1.14593, fgr_drift: 0.04492, _fgr_cumulative_loss_gain: 0.05148, fgr_ema_ratio: -1.10911, plddt: 77.13604, tm_score: None, lddt: None
2026-02-02 16:17:34,289 | INFO | step: 21, accumulated_step: 84, loss: 0.18250, perplexity: 0.98775, ttt_step_time: 0.71223, score_seq_time: 11.00089, eval_step_time: 4.70377, lr: 0.00200, fgr_ratio: 0.36182, fgr_loss_delta: 0.00141, fgr_drift_delta: 0.00391, fgr_ratio_cumulative: 1.08320, fgr_drift: 0.04883, _fgr_cumulative_loss_gain: 0.05289, fgr_ema_ratio: -1.05179, plddt: 76.81854, tm_score: None, lddt: None
2026-02-02 16:17:50,712 | INFO | step: 22, accumulated_step: 88, loss: 0.25439, perplexity: 0.98931, ttt_step_time: 0.71202, score_seq_time: 11.00069, eval_step_time: 4.70519, lr: 0.00200, fgr_ratio: 0.79823, fgr_loss_delta: 0.00156, fgr_drift_delta: 0.00195, fgr_ratio_cumulative: 1.07224, fgr_drift: 0.05078, _fgr_cumulative_loss_gain: 0.05445, fgr_ema_ratio: -1.04179, plddt: 76.59142, tm_score: None, lddt: None
2026-02-02 16:18:07,165 | INFO | step: 23, accumulated_step: 92, loss: 0.30908, perplexity: 0.99046, ttt_step_time: 0.71223, score_seq_time: 11.03146, eval_step_time: 4.70526, lr: 0.00200, fgr_ratio: 0.19595, fgr_loss_delta: 0.00115, fgr_drift_delta: 0.00586, fgr_ratio_cumulative: 0.98159, fgr_drift: 0.05664, _fgr_cumulative_loss_gain: 0.05560, fgr_ema_ratio: -0.95781, plddt: 76.62952, tm_score: None, lddt: None
2026-02-02 16:18:23,582 | INFO | step: 24, accumulated_step: 96, loss: 0.17493, perplexity: 0.99139, ttt_step_time: 0.71220, score_seq_time: 10.99439, eval_step_time: 4.70522, lr: 0.00200, fgr_ratio: 0.11914, fgr_loss_delta: 0.00093, fgr_drift_delta: 0.00781, fgr_ratio_cumulative: 0.87705, fgr_drift: 0.06445, _fgr_cumulative_loss_gain: 0.05653, fgr_ema_ratio: -0.85938, plddt: 76.40226, tm_score: None, lddt: None
2026-02-02 16:18:40,015 | INFO | step: 25, accumulated_step: 100, loss: 0.20593, perplexity: 0.99210, ttt_step_time: 0.71226, score_seq_time: 11.01133, eval_step_time: 4.70580, lr: 0.00200, fgr_ratio: 0.11294, fgr_loss_delta: 0.00072, fgr_drift_delta: 0.00635, fgr_ratio_cumulative: 0.80855, fgr_drift: 0.07080, _fgr_cumulative_loss_gain: 0.05725, fgr_ema_ratio: -0.79544, plddt: 76.42084, tm_score: None, lddt: None
2026-02-02 16:18:56,448 | INFO | step: 26, accumulated_step: 104, loss: 0.14160, perplexity: 0.99273, ttt_step_time: 0.71264, score_seq_time: 11.01046, eval_step_time: 4.70485, lr: 0.00200, fgr_ratio: 0.12741, fgr_loss_delta: 0.00062, fgr_drift_delta: 0.00488, fgr_ratio_cumulative: 0.76460, fgr_drift: 0.07568, _fgr_cumulative_loss_gain: 0.05787, fgr_ema_ratio: -0.75436, plddt: 76.47300, tm_score: None, lddt: None
2026-02-02 16:19:12,885 | INFO | step: 27, accumulated_step: 108, loss: 0.14600, perplexity: 0.99377, ttt_step_time: 0.71246, score_seq_time: 11.01560, eval_step_time: 4.70462, lr: 0.00200, fgr_ratio: 0.21303, fgr_loss_delta: 0.00104, fgr_drift_delta: 0.00488, fgr_ratio_cumulative: 0.73117, fgr_drift: 0.08057, _fgr_cumulative_loss_gain: 0.05891, fgr_ema_ratio: -0.71991, plddt: 76.56145, tm_score: None, lddt: None
2026-02-02 16:19:29,324 | INFO | step: 28, accumulated_step: 112, loss: 0.19446, perplexity: 0.99435, ttt_step_time: 0.71255, score_seq_time: 11.01722, eval_step_time: 4.70474, lr: 0.00200, fgr_ratio: 0.59574, fgr_loss_delta: 0.00058, fgr_drift_delta: 0.00098, fgr_ratio_cumulative: 0.74745, fgr_drift: 0.07959, _fgr_cumulative_loss_gain: 0.05949, fgr_ema_ratio: -0.73810, plddt: 76.64108, tm_score: None, lddt: None
2026-02-02 16:19:45,768 | INFO | step: 29, accumulated_step: 116, loss: 0.14746, perplexity: 0.99494, ttt_step_time: 0.71195, score_seq_time: 11.02227, eval_step_time: 4.70559, lr: 0.00200, fgr_ratio: 0.24134, fgr_loss_delta: 0.00059, fgr_drift_delta: 0.00244, fgr_ratio_cumulative: 0.73239, fgr_drift: 0.08203, _fgr_cumulative_loss_gain: 0.06008, fgr_ema_ratio: -0.72426, plddt: 76.72847, tm_score: None, lddt: None
2026-02-02 16:20:02,193 | INFO | step: 30, accumulated_step: 120, loss: 0.07635, perplexity: 0.99574, ttt_step_time: 0.71268, score_seq_time: 11.00160, eval_step_time: 4.70592, lr: 0.00200, fgr_ratio: 0.12594, fgr_loss_delta: 0.00080, fgr_drift_delta: 0.00635, fgr_ratio_cumulative: 0.68883, fgr_drift: 0.08838, _fgr_cumulative_loss_gain: 0.06088, fgr_ema_ratio: -0.68054, plddt: 76.67068, tm_score: None, lddt: None
Saved: fgr_results/A4GRB6_PSEAI_Chen_2020_ttt.csv

================================================================================
Processing: A4_HUMAN_Seuma_2022
UniProt ID: A4_HUMAN
Sequence length: 770
================================================================================
Running TTT with FGR metrics...
2026-02-02 16:22:01,242 | INFO | step: 0, accumulated_step: 0, loss: None, perplexity: 0.92202, ttt_step_time: 0.00000, score_seq_time: 56.79057, eval_step_time: 57.05097, lr: 0.00200, fgr_ratio: None, fgr_loss_delta: None, fgr_drift_delta: None, fgr_ratio_cumulative: None, fgr_drift: 0.00000, _fgr_cumulative_loss_gain: None, fgr_ema_ratio: None, plddt: 64.85853, tm_score: None, lddt: None
ERROR processing A4_HUMAN_Seuma_2022: CUDA out of memory. Tried to allocate 182.00 MiB (GPU 0; 39.49 GiB total capacity; 35.90 GiB already allocated; 106.50 MiB free; 38.50 GiB reserved in total by PyTorch) If reserved memory is >> allocated memory try setting max_split_size_mb to avoid fragmentation.  See documentation for Memory Management and PYTORCH_CUDA_ALLOC_CONF

================================================================================
Processing: AACC1_PSEAI_Dandage_2018
UniProt ID: AACC1_PSEAI
Sequence length: 177
================================================================================
Running TTT with FGR metrics...
2026-02-02 16:22:15,837 | INFO | step: 0, accumulated_step: 0, loss: None, perplexity: 0.85297, ttt_step_time: 0.00000, score_seq_time: 7.14464, eval_step_time: 2.03218, lr: 0.00200, fgr_ratio: None, fgr_loss_delta: None, fgr_drift_delta: None, fgr_ratio_cumulative: None, fgr_drift: 0.00000, _fgr_cumulative_loss_gain: None, fgr_ema_ratio: None, plddt: 86.69822, tm_score: None, lddt: None
2026-02-02 16:22:25,711 | INFO | step: 1, accumulated_step: 4, loss: 1.43652, perplexity: 0.86161, ttt_step_time: 0.67626, score_seq_time: 7.15401, eval_step_time: 2.04085, lr: 0.00200, fgr_ratio: None, fgr_loss_delta: 0.00864, fgr_drift_delta: 0.00000, fgr_ratio_cumulative: None, fgr_drift: 0.00000, _fgr_cumulative_loss_gain: 0.00000, fgr_ema_ratio: None, plddt: 86.62689, tm_score: None, lddt: None
2026-02-02 16:22:35,479 | INFO | step: 2, accumulated_step: 8, loss: 1.24609, perplexity: 0.87151, ttt_step_time: 0.55548, score_seq_time: 7.17110, eval_step_time: 2.03886, lr: 0.00200, fgr_ratio: 20.27912, fgr_loss_delta: 0.00990, fgr_drift_delta: 0.00049, fgr_ratio_cumulative: 20.27912, fgr_drift: 0.00049, _fgr_cumulative_loss_gain: 0.00990, fgr_ema_ratio: -10.13956, plddt: 86.49908, tm_score: None, lddt: None
2026-02-02 16:22:45,272 | INFO | step: 3, accumulated_step: 12, loss: 1.22070, perplexity: 0.87970, ttt_step_time: 0.55726, score_seq_time: 7.19295, eval_step_time: 2.03964, lr: 0.00200, fgr_ratio: 16.75642, fgr_loss_delta: 0.00818, fgr_drift_delta: 0.00049, fgr_ratio_cumulative: 18.51777, fgr_drift: 0.00098, _fgr_cumulative_loss_gain: 0.01808, fgr_ema_ratio: -11.79378, plddt: 86.39765, tm_score: None, lddt: None
2026-02-02 16:22:55,048 | INFO | step: 4, accumulated_step: 16, loss: 1.22559, perplexity: 0.88696, ttt_step_time: 0.55787, score_seq_time: 7.17540, eval_step_time: 2.03936, lr: 0.00200, fgr_ratio: None, fgr_loss_delta: 0.00727, fgr_drift_delta: 0.00000, fgr_ratio_cumulative: 25.95976, fgr_drift: 0.00098, _fgr_cumulative_loss_gain: 0.02535, fgr_ema_ratio: -18.87677, plddt: 86.22383, tm_score: None, lddt: None
2026-02-02 16:23:04,849 | INFO | step: 5, accumulated_step: 20, loss: 1.04492, perplexity: 0.89204, ttt_step_time: 0.55594, score_seq_time: 7.20175, eval_step_time: 2.04021, lr: 0.00200, fgr_ratio: 5.20103, fgr_loss_delta: 0.00508, fgr_drift_delta: 0.00098, fgr_ratio_cumulative: 15.58039, fgr_drift: 0.00195, _fgr_cumulative_loss_gain: 0.03043, fgr_ema_ratio: -12.50939, plddt: 85.98763, tm_score: None, lddt: None
2026-02-02 16:23:14,619 | INFO | step: 6, accumulated_step: 24, loss: 1.13086, perplexity: 0.89742, ttt_step_time: 0.55585, score_seq_time: 7.17132, eval_step_time: 2.03921, lr: 0.00200, fgr_ratio: 11.00995, fgr_loss_delta: 0.00538, fgr_drift_delta: 0.00049, fgr_ratio_cumulative: 14.66630, fgr_drift: 0.00244, _fgr_cumulative_loss_gain: 0.03581, fgr_ema_ratio: -12.33691, plddt: 85.76205, tm_score: None, lddt: None
2026-02-02 16:23:24,418 | INFO | step: 7, accumulated_step: 28, loss: 0.89551, perplexity: 0.90162, ttt_step_time: 0.55745, score_seq_time: 7.19822, eval_step_time: 2.04043, lr: 0.00200, fgr_ratio: 2.86896, fgr_loss_delta: 0.00420, fgr_drift_delta: 0.00146, fgr_ratio_cumulative: 10.24230, fgr_drift: 0.00391, _fgr_cumulative_loss_gain: 0.04001, fgr_ema_ratio: -8.97643, plddt: 85.56329, tm_score: None, lddt: None
2026-02-02 16:23:34,219 | INFO | step: 8, accumulated_step: 32, loss: 1.04590, perplexity: 0.90561, ttt_step_time: 0.55813, score_seq_time: 7.19909, eval_step_time: 2.04066, lr: 0.00200, fgr_ratio: None, fgr_loss_delta: 0.00399, fgr_drift_delta: 0.00000, fgr_ratio_cumulative: 11.26379, fgr_drift: 0.00391, _fgr_cumulative_loss_gain: 0.04400, fgr_ema_ratio: -10.12011, plddt: 85.14962, tm_score: None, lddt: None
2026-02-02 16:23:44,020 | INFO | step: 9, accumulated_step: 36, loss: 1.02344, perplexity: 0.90959, ttt_step_time: 0.55558, score_seq_time: 7.20176, eval_step_time: 2.04060, lr: 0.00200, fgr_ratio: 2.03933, fgr_loss_delta: 0.00398, fgr_drift_delta: 0.00195, fgr_ratio_cumulative: 8.18897, fgr_drift: 0.00586, _fgr_cumulative_loss_gain: 0.04798, fgr_ema_ratio: -7.46785, plddt: 85.06154, tm_score: None, lddt: None
2026-02-02 16:23:53,793 | INFO | step: 10, accumulated_step: 40, loss: 1.00391, perplexity: 0.91347, ttt_step_time: 0.55667, score_seq_time: 7.17330, eval_step_time: 2.03950, lr: 0.00200, fgr_ratio: 1.98243, fgr_loss_delta: 0.00387, fgr_drift_delta: 0.00195, fgr_ratio_cumulative: 6.63733, fgr_drift: 0.00781, _fgr_cumulative_loss_gain: 0.05185, fgr_ema_ratio: -6.11911, plddt: 84.68475, tm_score: None, lddt: None
2026-02-02 16:24:03,605 | INFO | step: 11, accumulated_step: 44, loss: 0.92090, perplexity: 0.91809, ttt_step_time: 0.55728, score_seq_time: 7.21168, eval_step_time: 2.04004, lr: 0.00200, fgr_ratio: 9.47068, fgr_loss_delta: 0.00462, fgr_drift_delta: 0.00049, fgr_ratio_cumulative: 6.80400, fgr_drift: 0.00830, _fgr_cumulative_loss_gain: 0.05648, fgr_ema_ratio: -6.28158, plddt: 84.70406, tm_score: None, lddt: None
2026-02-02 16:24:13,395 | INFO | step: 12, accumulated_step: 48, loss: 1.07910, perplexity: 0.92171, ttt_step_time: 0.55837, score_seq_time: 7.18744, eval_step_time: 2.04092, lr: 0.00200, fgr_ratio: 2.46895, fgr_loss_delta: 0.00362, fgr_drift_delta: 0.00146, fgr_ratio_cumulative: 6.15374, fgr_drift: 0.00977, _fgr_cumulative_loss_gain: 0.06010, fgr_ema_ratio: -5.74654, plddt: 84.69106, tm_score: None, lddt: None
2026-02-02 16:24:23,182 | INFO | step: 13, accumulated_step: 52, loss: 0.79785, perplexity: 0.92549, ttt_step_time: 0.55629, score_seq_time: 7.18665, eval_step_time: 2.04084, lr: 0.00200, fgr_ratio: 1.54946, fgr_loss_delta: 0.00378, fgr_drift_delta: 0.00244, fgr_ratio_cumulative: 5.23289, fgr_drift: 0.01221, _fgr_cumulative_loss_gain: 0.06388, fgr_ema_ratio: -4.91506, plddt: 84.47987, tm_score: None, lddt: None
2026-02-02 16:24:32,967 | INFO | step: 14, accumulated_step: 56, loss: 0.82080, perplexity: 0.92888, ttt_step_time: 0.55724, score_seq_time: 7.18504, eval_step_time: 2.03990, lr: 0.00200, fgr_ratio: 3.46867, fgr_loss_delta: 0.00339, fgr_drift_delta: 0.00098, fgr_ratio_cumulative: 5.10220, fgr_drift: 0.01318, _fgr_cumulative_loss_gain: 0.06727, fgr_ema_ratio: -4.82659, plddt: 84.45970, tm_score: None, lddt: None
2026-02-02 16:24:42,766 | INFO | step: 15, accumulated_step: 60, loss: 0.96484, perplexity: 0.93263, ttt_step_time: 0.55788, score_seq_time: 7.19775, eval_step_time: 2.04013, lr: 0.00200, fgr_ratio: 1.28141, fgr_loss_delta: 0.00375, fgr_drift_delta: 0.00293, fgr_ratio_cumulative: 4.40751, fgr_drift: 0.01611, _fgr_cumulative_loss_gain: 0.07102, fgr_ema_ratio: -4.17827, plddt: 84.44738, tm_score: None, lddt: None
2026-02-02 16:24:52,574 | INFO | step: 16, accumulated_step: 64, loss: 0.74805, perplexity: 0.93586, ttt_step_time: 0.55860, score_seq_time: 7.20488, eval_step_time: 2.04170, lr: 0.00200, fgr_ratio: 1.65399, fgr_loss_delta: 0.00323, fgr_drift_delta: 0.00195, fgr_ratio_cumulative: 4.10984, fgr_drift: 0.01807, _fgr_cumulative_loss_gain: 0.07425, fgr_ema_ratio: -3.91820, plddt: 84.30806, tm_score: None, lddt: None
2026-02-02 16:25:02,376 | INFO | step: 17, accumulated_step: 68, loss: 0.88672, perplexity: 0.94071, ttt_step_time: 0.55771, score_seq_time: 7.19858, eval_step_time: 2.04253, lr: 0.00200, fgr_ratio: 1.98669, fgr_loss_delta: 0.00485, fgr_drift_delta: 0.00244, fgr_ratio_cumulative: 3.85708, fgr_drift: 0.02051, _fgr_cumulative_loss_gain: 0.07910, fgr_ema_ratio: -3.65441, plddt: 84.25317, tm_score: None, lddt: None
2026-02-02 16:25:12,146 | INFO | step: 18, accumulated_step: 72, loss: 0.72461, perplexity: 0.94485, ttt_step_time: 0.55592, score_seq_time: 7.17082, eval_step_time: 2.04047, lr: 0.00200, fgr_ratio: 1.21168, fgr_loss_delta: 0.00414, fgr_drift_delta: 0.00342, fgr_ratio_cumulative: 3.47916, fgr_drift: 0.02393, _fgr_cumulative_loss_gain: 0.08324, fgr_ema_ratio: -3.30576, plddt: 84.11861, tm_score: None, lddt: None
2026-02-02 16:25:21,932 | INFO | step: 19, accumulated_step: 76, loss: 0.81152, perplexity: 0.94842, ttt_step_time: 0.55747, score_seq_time: 7.18449, eval_step_time: 2.04026, lr: 0.00200, fgr_ratio: 1.21849, fgr_loss_delta: 0.00357, fgr_drift_delta: 0.00293, fgr_ratio_cumulative: 3.23255, fgr_drift: 0.02686, _fgr_cumulative_loss_gain: 0.08681, fgr_ema_ratio: -3.08884, plddt: 84.03132, tm_score: None, lddt: None
2026-02-02 16:25:31,710 | INFO | step: 20, accumulated_step: 80, loss: 0.59033, perplexity: 0.95162, ttt_step_time: 0.55710, score_seq_time: 7.17717, eval_step_time: 2.04121, lr: 0.00200, fgr_ratio: 0.65451, fgr_loss_delta: 0.00320, fgr_drift_delta: 0.00488, fgr_ratio_cumulative: 2.83592, fgr_drift: 0.03174, _fgr_cumulative_loss_gain: 0.09001, fgr_ema_ratio: -2.72478, plddt: 83.81048, tm_score: None, lddt: None
2026-02-02 16:25:41,504 | INFO | step: 21, accumulated_step: 84, loss: 0.67578, perplexity: 0.95534, ttt_step_time: 0.55776, score_seq_time: 7.19203, eval_step_time: 2.04079, lr: 0.00200, fgr_ratio: 0.69243, fgr_loss_delta: 0.00372, fgr_drift_delta: 0.00537, fgr_ratio_cumulative: 2.52568, fgr_drift: 0.03711, _fgr_cumulative_loss_gain: 0.09373, fgr_ema_ratio: -2.42804, plddt: 83.68249, tm_score: None, lddt: None
2026-02-02 16:25:51,275 | INFO | step: 22, accumulated_step: 88, loss: 0.72461, perplexity: 0.95849, ttt_step_time: 0.55812, score_seq_time: 7.16887, eval_step_time: 2.04098, lr: 0.00200, fgr_ratio: 1.07685, fgr_loss_delta: 0.00315, fgr_drift_delta: 0.00293, fgr_ratio_cumulative: 2.41967, fgr_drift: 0.04004, _fgr_cumulative_loss_gain: 0.09688, fgr_ema_ratio: -2.33503, plddt: 83.71850, tm_score: None, lddt: None
2026-02-02 16:26:01,079 | INFO | step: 23, accumulated_step: 92, loss: 0.53711, perplexity: 0.96109, ttt_step_time: 0.55793, score_seq_time: 7.20137, eval_step_time: 2.04125, lr: 0.00200, fgr_ratio: 0.35397, fgr_loss_delta: 0.00259, fgr_drift_delta: 0.00732, fgr_ratio_cumulative: 2.10023, fgr_drift: 0.04736, _fgr_cumulative_loss_gain: 0.09947, fgr_ema_ratio: -2.03709, plddt: 83.57261, tm_score: None, lddt: None
2026-02-02 16:26:10,865 | INFO | step: 24, accumulated_step: 96, loss: 0.61523, perplexity: 0.96313, ttt_step_time: 0.56018, score_seq_time: 7.18102, eval_step_time: 2.04128, lr: 0.00200, fgr_ratio: 0.24561, fgr_loss_delta: 0.00204, fgr_drift_delta: 0.00830, fgr_ratio_cumulative: 1.82366, fgr_drift: 0.05566, _fgr_cumulative_loss_gain: 0.10151, fgr_ema_ratio: -1.77849, plddt: 83.44240, tm_score: None, lddt: None
2026-02-02 16:26:20,649 | INFO | step: 25, accumulated_step: 100, loss: 0.44556, perplexity: 0.96457, ttt_step_time: 0.55855, score_seq_time: 7.18207, eval_step_time: 2.04073, lr: 0.00200, fgr_ratio: 0.21061, fgr_loss_delta: 0.00144, fgr_drift_delta: 0.00684, fgr_ratio_cumulative: 1.64724, fgr_drift: 0.06250, _fgr_cumulative_loss_gain: 0.10295, fgr_ema_ratio: -1.61560, plddt: 83.20988, tm_score: None, lddt: None
2026-02-02 16:26:30,412 | INFO | step: 26, accumulated_step: 104, loss: 0.34424, perplexity: 0.96635, ttt_step_time: 0.55697, score_seq_time: 7.16219, eval_step_time: 2.04062, lr: 0.00200, fgr_ratio: 0.26152, fgr_loss_delta: 0.00179, fgr_drift_delta: 0.00684, fgr_ratio_cumulative: 1.51062, fgr_drift: 0.06934, _fgr_cumulative_loss_gain: 0.10474, fgr_ema_ratio: -1.48347, plddt: 82.81651, tm_score: None, lddt: None
2026-02-02 16:26:40,200 | INFO | step: 27, accumulated_step: 108, loss: 0.64258, perplexity: 0.96762, ttt_step_time: 0.55766, score_seq_time: 7.18531, eval_step_time: 2.04209, lr: 0.00200, fgr_ratio: 0.20005, fgr_loss_delta: 0.00127, fgr_drift_delta: 0.00635, fgr_ratio_cumulative: 1.40070, fgr_drift: 0.07568, _fgr_cumulative_loss_gain: 0.10601, fgr_ema_ratio: -1.37987, plddt: 82.67833, tm_score: None, lddt: None
2026-02-02 16:26:49,993 | INFO | step: 28, accumulated_step: 112, loss: 0.48242, perplexity: 0.96962, ttt_step_time: 0.55862, score_seq_time: 7.18857, eval_step_time: 2.04268, lr: 0.00200, fgr_ratio: 0.51051, fgr_loss_delta: 0.00199, fgr_drift_delta: 0.00391, fgr_ratio_cumulative: 1.35701, fgr_drift: 0.07959, _fgr_cumulative_loss_gain: 0.10800, fgr_ema_ratio: -1.33458, plddt: 82.58449, tm_score: None, lddt: None
2026-02-02 16:26:59,781 | INFO | step: 29, accumulated_step: 116, loss: 0.47339, perplexity: 0.97146, ttt_step_time: 0.55692, score_seq_time: 7.18577, eval_step_time: 2.04206, lr: 0.00200, fgr_ratio: 0.62838, fgr_loss_delta: 0.00184, fgr_drift_delta: 0.00293, fgr_ratio_cumulative: 1.33114, fgr_drift: 0.08252, _fgr_cumulative_loss_gain: 0.10985, fgr_ema_ratio: -1.30917, plddt: 83.06797, tm_score: None, lddt: None
2026-02-02 16:27:09,564 | INFO | step: 30, accumulated_step: 120, loss: 0.42480, perplexity: 0.97321, ttt_step_time: 0.55729, score_seq_time: 7.18023, eval_step_time: 2.04226, lr: 0.00200, fgr_ratio: 0.35853, fgr_loss_delta: 0.00175, fgr_drift_delta: 0.00488, fgr_ratio_cumulative: 1.27680, fgr_drift: 0.08740, _fgr_cumulative_loss_gain: 0.11160, fgr_ema_ratio: -1.25642, plddt: 82.72987, tm_score: None, lddt: None
